[08/24/22, 07:55:39:021] info: 
╔═══════════════════════════════════════════════════════╗
║      Slack 4.27.156, linux 5.19.3-arch1-1 on x64      ║
╚═══════════════════════════════════════════════════════╝ 
[08/24/22, 07:55:39:021] info: Configured logger via 
{
  "enableConsoleTransport": true,
  "identifierOverride": "webapp-auth-console",
  "shouldUseNewBackend": false,
  "loggerInstanceCount": 4
}
[08/24/22, 07:55:39:021] info: Predefined values for process 
{
  "NODE_ENV": "production",
  "platform": "linux",
  "type": "browser",
  "timeZone": "Asia/Katmandu",
  "PACKAGE_MANIFEST.productName": "Slack",
  "PACKAGE_MANIFEST.version": "4.27.156",
  "PACKAGE_MANIFEST.commit": "a17b156",
  "PACKAGE_MANIFEST.branch": "HEAD"
}
[08/24/22, 07:58:41:394] info: 
╔═══════════════════════════════════════════════════════╗
║      Slack 4.27.156, linux 5.19.3-arch1-1 on x64      ║
╚═══════════════════════════════════════════════════════╝ 
[08/24/22, 07:58:41:394] info: Configured logger via 
{
  "enableConsoleTransport": true,
  "identifierOverride": "webapp-auth-console",
  "shouldUseNewBackend": false,
  "loggerInstanceCount": 5
}
[08/24/22, 07:58:41:394] info: Predefined values for process 
{
  "NODE_ENV": "production",
  "platform": "linux",
  "type": "browser",
  "timeZone": "Asia/Katmandu",
  "PACKAGE_MANIFEST.productName": "Slack",
  "PACKAGE_MANIFEST.version": "4.27.156",
  "PACKAGE_MANIFEST.commit": "a17b156",
  "PACKAGE_MANIFEST.branch": "HEAD"
}
